  Defs.cpp
d:\kclifford1\documents\github\titania-v2\titania-v2\defs.h(45): warning C4101: 'ptr': unreferenced local variable
d:\kclifford1\documents\github\titania-v2\titania-v2\defs.h(46): warning C4101: 'ptr2': unreferenced local variable
d:\kclifford1\documents\github\titania-v2\titania-v2\defs.cpp(53): warning C4244: 'initializing': conversion from 'float' to 'int', possible loss of data
d:\kclifford1\documents\github\titania-v2\titania-v2\defs.cpp(54): warning C4244: 'initializing': conversion from 'float' to 'int', possible loss of data
d:\kclifford1\documents\github\titania-v2\titania-v2\defs.cpp(55): warning C4244: 'initializing': conversion from 'float' to 'int', possible loss of data
d:\kclifford1\documents\github\titania-v2\titania-v2\defs.cpp(57): warning C4244: 'initializing': conversion from 'float' to 'int', possible loss of data
d:\kclifford1\documents\github\titania-v2\titania-v2\defs.cpp(58): warning C4244: 'initializing': conversion from 'float' to 'int', possible loss of data
d:\kclifford1\documents\github\titania-v2\titania-v2\defs.cpp(59): warning C4244: 'initializing': conversion from 'float' to 'int', possible loss of data
d:\kclifford1\documents\github\titania-v2\titania-v2\defs.cpp(61): warning C4244: 'initializing': conversion from 'int' to 'float', possible loss of data
d:\kclifford1\documents\github\titania-v2\titania-v2\defs.cpp(62): warning C4244: 'initializing': conversion from 'int' to 'float', possible loss of data
d:\kclifford1\documents\github\titania-v2\titania-v2\defs.cpp(63): warning C4244: 'initializing': conversion from 'int' to 'float', possible loss of data
  Hud.cpp
d:\kclifford1\documents\github\titania-v2\titania-v2\defs.h(45): warning C4101: 'ptr': unreferenced local variable
d:\kclifford1\documents\github\titania-v2\titania-v2\defs.h(46): warning C4101: 'ptr2': unreferenced local variable
d:\kclifford1\documents\github\titania-v2\titania-v2\hud.h(7): warning C4091: 'extern ': ignored on left of 'AmountLives' when no variable is declared
d:\kclifford1\documents\github\titania-v2\titania-v2\hud.h(8): warning C4091: 'extern ': ignored on left of 'RemoveLives' when no variable is declared
  PowerUp.cpp
d:\kclifford1\documents\github\titania-v2\titania-v2\defs.h(45): warning C4101: 'ptr': unreferenced local variable
d:\kclifford1\documents\github\titania-v2\titania-v2\defs.h(46): warning C4101: 'ptr2': unreferenced local variable
d:\kclifford1\documents\github\titania-v2\titania-v2\hud.h(7): warning C4091: 'extern ': ignored on left of 'AmountLives' when no variable is declared
d:\kclifford1\documents\github\titania-v2\titania-v2\hud.h(8): warning C4091: 'extern ': ignored on left of 'RemoveLives' when no variable is declared
d:\kclifford1\documents\github\titania-v2\titania-v2\spawn.h(50): warning C4244: '=': conversion from 'double' to 'float', possible loss of data
d:\kclifford1\documents\github\titania-v2\titania-v2\spawn.h(79): warning C4244: '=': conversion from 'double' to 'float', possible loss of data
d:\kclifford1\documents\github\titania-v2\titania-v2\spawn.h(105): warning C4244: '=': conversion from 'double' to 'float', possible loss of data
d:\kclifford1\documents\github\titania-v2\titania-v2\spawn.h(127): warning C4244: '=': conversion from 'double' to 'float', possible loss of data
  Shooting.cpp
d:\kclifford1\documents\github\titania-v2\titania-v2\defs.h(45): warning C4101: 'ptr': unreferenced local variable
d:\kclifford1\documents\github\titania-v2\titania-v2\defs.h(46): warning C4101: 'ptr2': unreferenced local variable
d:\kclifford1\documents\github\titania-v2\titania-v2\hud.h(7): warning C4091: 'extern ': ignored on left of 'AmountLives' when no variable is declared
d:\kclifford1\documents\github\titania-v2\titania-v2\hud.h(8): warning C4091: 'extern ': ignored on left of 'RemoveLives' when no variable is declared
d:\kclifford1\documents\github\titania-v2\titania-v2\spawn.h(50): warning C4244: '=': conversion from 'double' to 'float', possible loss of data
d:\kclifford1\documents\github\titania-v2\titania-v2\spawn.h(79): warning C4244: '=': conversion from 'double' to 'float', possible loss of data
d:\kclifford1\documents\github\titania-v2\titania-v2\spawn.h(105): warning C4244: '=': conversion from 'double' to 'float', possible loss of data
d:\kclifford1\documents\github\titania-v2\titania-v2\spawn.h(127): warning C4244: '=': conversion from 'double' to 'float', possible loss of data
d:\kclifford1\documents\github\titania-v2\titania-v2\shooting.cpp(178): warning C4244: '=': conversion from 'float' to 'int', possible loss of data
d:\kclifford1\documents\github\titania-v2\titania-v2\shooting.cpp(234): warning C4244: 'argument': conversion from 'double' to 'const float', possible loss of data
d:\kclifford1\documents\github\titania-v2\titania-v2\shooting.cpp(416): warning C4244: '=': conversion from 'float' to 'int', possible loss of data
d:\kclifford1\documents\github\titania-v2\titania-v2\shooting.cpp(445): warning C4244: '=': conversion from 'float' to 'int', possible loss of data
d:\kclifford1\documents\github\titania-v2\titania-v2\shooting.cpp(472): warning C4244: '=': conversion from 'float' to 'int', possible loss of data
d:\kclifford1\documents\github\titania-v2\titania-v2\shooting.cpp(499): warning C4244: '=': conversion from 'float' to 'int', possible loss of data
d:\kclifford1\documents\github\titania-v2\titania-v2\shooting.cpp(526): warning C4244: '=': conversion from 'float' to 'int', possible loss of data
d:\kclifford1\documents\github\titania-v2\titania-v2\shooting.cpp(589): warning C4244: '=': conversion from 'float' to 'int', possible loss of data
d:\kclifford1\documents\github\titania-v2\titania-v2\shooting.cpp(617): warning C4244: '=': conversion from 'float' to 'int', possible loss of data
d:\kclifford1\documents\github\titania-v2\titania-v2\shooting.cpp(641): warning C4244: '=': conversion from 'float' to 'int', possible loss of data
d:\kclifford1\documents\github\titania-v2\titania-v2\shooting.cpp(766): warning C4018: '>': signed/unsigned mismatch
d:\kclifford1\documents\github\titania-v2\titania-v2\shooting.cpp(783): warning C4018: '>': signed/unsigned mismatch
d:\kclifford1\documents\github\titania-v2\titania-v2\shooting.cpp(792): warning C4018: '>': signed/unsigned mismatch
  Spawn.cpp
d:\kclifford1\documents\github\titania-v2\titania-v2\defs.h(45): warning C4101: 'ptr': unreferenced local variable
d:\kclifford1\documents\github\titania-v2\titania-v2\defs.h(46): warning C4101: 'ptr2': unreferenced local variable
d:\kclifford1\documents\github\titania-v2\titania-v2\hud.h(7): warning C4091: 'extern ': ignored on left of 'AmountLives' when no variable is declared
d:\kclifford1\documents\github\titania-v2\titania-v2\hud.h(8): warning C4091: 'extern ': ignored on left of 'RemoveLives' when no variable is declared
d:\kclifford1\documents\github\titania-v2\titania-v2\spawn.h(50): warning C4244: '=': conversion from 'double' to 'float', possible loss of data
d:\kclifford1\documents\github\titania-v2\titania-v2\spawn.h(79): warning C4244: '=': conversion from 'double' to 'float', possible loss of data
d:\kclifford1\documents\github\titania-v2\titania-v2\spawn.h(105): warning C4244: '=': conversion from 'double' to 'float', possible loss of data
d:\kclifford1\documents\github\titania-v2\titania-v2\spawn.h(127): warning C4244: '=': conversion from 'double' to 'float', possible loss of data
d:\kclifford1\documents\github\titania-v2\titania-v2\spawn.cpp(97): warning C4244: 'initializing': conversion from 'float' to 'int', possible loss of data
d:\kclifford1\documents\github\titania-v2\titania-v2\spawn.cpp(98): warning C4244: 'initializing': conversion from 'float' to 'int', possible loss of data
d:\kclifford1\documents\github\titania-v2\titania-v2\spawn.cpp(99): warning C4244: 'initializing': conversion from 'float' to 'int', possible loss of data
d:\kclifford1\documents\github\titania-v2\titania-v2\spawn.cpp(107): warning C4244: 'initializing': conversion from 'float' to 'int', possible loss of data
d:\kclifford1\documents\github\titania-v2\titania-v2\spawn.cpp(108): warning C4244: 'initializing': conversion from 'float' to 'int', possible loss of data
d:\kclifford1\documents\github\titania-v2\titania-v2\spawn.cpp(109): warning C4244: 'initializing': conversion from 'float' to 'int', possible loss of data
d:\kclifford1\documents\github\titania-v2\titania-v2\spawn.cpp(146): warning C4244: 'argument': conversion from 'float' to 'int', possible loss of data
d:\kclifford1\documents\github\titania-v2\titania-v2\spawn.cpp(177): warning C4244: 'argument': conversion from 'float' to 'int', possible loss of data
d:\kclifford1\documents\github\titania-v2\titania-v2\spawn.cpp(207): warning C4244: 'argument': conversion from 'float' to 'int', possible loss of data
d:\kclifford1\documents\github\titania-v2\titania-v2\spawn.cpp(360): warning C4244: '=': conversion from 'float' to 'int', possible loss of data
d:\kclifford1\documents\github\titania-v2\titania-v2\spawn.cpp(373): warning C4244: '=': conversion from 'float' to 'int', possible loss of data
d:\kclifford1\documents\github\titania-v2\titania-v2\spawn.cpp(386): warning C4244: '=': conversion from 'float' to 'int', possible loss of data
d:\kclifford1\documents\github\titania-v2\titania-v2\spawn.cpp(400): warning C4244: '=': conversion from 'float' to 'int', possible loss of data
d:\kclifford1\documents\github\titania-v2\titania-v2\spawn.cpp(413): warning C4244: '=': conversion from 'float' to 'int', possible loss of data
d:\kclifford1\documents\github\titania-v2\titania-v2\spawn.cpp(426): warning C4244: '=': conversion from 'float' to 'int', possible loss of data
d:\kclifford1\documents\github\titania-v2\titania-v2\spawn.cpp(440): warning C4244: '=': conversion from 'float' to 'int', possible loss of data
d:\kclifford1\documents\github\titania-v2\titania-v2\spawn.cpp(453): warning C4244: '=': conversion from 'float' to 'int', possible loss of data
d:\kclifford1\documents\github\titania-v2\titania-v2\spawn.cpp(466): warning C4244: '=': conversion from 'float' to 'int', possible loss of data
  Titania-V2.cpp
d:\kclifford1\documents\github\titania-v2\titania-v2\defs.h(45): warning C4101: 'ptr': unreferenced local variable
d:\kclifford1\documents\github\titania-v2\titania-v2\defs.h(46): warning C4101: 'ptr2': unreferenced local variable
d:\kclifford1\documents\github\titania-v2\titania-v2\hud.h(7): warning C4091: 'extern ': ignored on left of 'AmountLives' when no variable is declared
d:\kclifford1\documents\github\titania-v2\titania-v2\hud.h(8): warning C4091: 'extern ': ignored on left of 'RemoveLives' when no variable is declared
d:\kclifford1\documents\github\titania-v2\titania-v2\spawn.h(50): warning C4244: '=': conversion from 'double' to 'float', possible loss of data
d:\kclifford1\documents\github\titania-v2\titania-v2\spawn.h(79): warning C4244: '=': conversion from 'double' to 'float', possible loss of data
d:\kclifford1\documents\github\titania-v2\titania-v2\spawn.h(105): warning C4244: '=': conversion from 'double' to 'float', possible loss of data
d:\kclifford1\documents\github\titania-v2\titania-v2\spawn.h(127): warning C4244: '=': conversion from 'double' to 'float', possible loss of data
d:\kclifford1\documents\github\titania-v2\titania-v2\titania-v2.cpp(525): warning C4244: 'argument': conversion from 'float' to 'const int', possible loss of data
d:\kclifford1\documents\github\titania-v2\titania-v2\titania-v2.cpp(540): warning C4244: 'argument': conversion from 'float' to 'const int', possible loss of data
d:\kclifford1\documents\github\titania-v2\titania-v2\titania-v2.cpp(573): warning C4244: 'argument': conversion from 'float' to 'const int', possible loss of data
d:\kclifford1\documents\github\titania-v2\titania-v2\titania-v2.cpp(586): warning C4244: 'argument': conversion from 'float' to 'const int', possible loss of data
d:\kclifford1\documents\github\titania-v2\titania-v2\titania-v2.cpp(601): warning C4244: 'argument': conversion from 'double' to 'const float', possible loss of data
d:\kclifford1\documents\github\titania-v2\titania-v2\titania-v2.cpp(602): warning C4244: 'argument': conversion from 'double' to 'const float', possible loss of data
d:\kclifford1\documents\github\titania-v2\titania-v2\titania-v2.cpp(788): warning C4244: 'argument': conversion from 'float' to 'const int', possible loss of data
d:\kclifford1\documents\github\titania-v2\titania-v2\titania-v2.cpp(801): warning C4244: 'argument': conversion from 'float' to 'const int', possible loss of data
d:\kclifford1\documents\github\titania-v2\titania-v2\titania-v2.cpp(805): warning C4244: 'argument': conversion from 'float' to 'const int', possible loss of data
d:\kclifford1\documents\github\titania-v2\titania-v2\titania-v2.cpp(810): warning C4244: 'argument': conversion from 'float' to 'const int', possible loss of data
d:\kclifford1\documents\github\titania-v2\titania-v2\titania-v2.cpp(814): warning C4244: 'argument': conversion from 'float' to 'const int', possible loss of data
d:\kclifford1\documents\github\titania-v2\titania-v2\titania-v2.cpp(818): warning C4244: 'argument': conversion from 'float' to 'const int', possible loss of data
d:\kclifford1\documents\github\titania-v2\titania-v2\titania-v2.cpp(826): warning C4244: 'argument': conversion from 'float' to 'const int', possible loss of data
d:\kclifford1\documents\github\titania-v2\titania-v2\titania-v2.cpp(830): warning C4244: 'argument': conversion from 'float' to 'const int', possible loss of data
d:\kclifford1\documents\github\titania-v2\titania-v2\titania-v2.cpp(835): warning C4244: 'argument': conversion from 'float' to 'const int', possible loss of data
d:\kclifford1\documents\github\titania-v2\titania-v2\titania-v2.cpp(839): warning C4244: 'argument': conversion from 'float' to 'const int', possible loss of data
d:\kclifford1\documents\github\titania-v2\titania-v2\titania-v2.cpp(843): warning C4244: 'argument': conversion from 'float' to 'const int', possible loss of data
d:\kclifford1\documents\github\titania-v2\titania-v2\titania-v2.cpp(887): warning C4244: '=': conversion from 'float' to 'int', possible loss of data
d:\kclifford1\documents\github\titania-v2\titania-v2\titania-v2.cpp(913): warning C4244: '=': conversion from 'float' to 'int', possible loss of data
d:\kclifford1\documents\github\titania-v2\titania-v2\titania-v2.cpp(948): warning C4244: '=': conversion from 'float' to 'int', possible loss of data
d:\kclifford1\documents\github\titania-v2\titania-v2\titania-v2.cpp(1215): warning C4244: 'argument': conversion from 'double' to 'const float', possible loss of data
d:\kclifford1\documents\github\titania-v2\titania-v2\titania-v2.cpp(1216): warning C4244: 'argument': conversion from 'double' to 'const float', possible loss of data
d:\kclifford1\documents\github\titania-v2\titania-v2\titania-v2.cpp(1310): warning C4244: 'argument': conversion from 'double' to 'const float', possible loss of data
d:\kclifford1\documents\github\titania-v2\titania-v2\titania-v2.cpp(1311): warning C4244: 'argument': conversion from 'double' to 'const float', possible loss of data
d:\kclifford1\documents\github\titania-v2\titania-v2\titania-v2.cpp(1370): warning C4244: 'argument': conversion from 'float' to 'const int', possible loss of data
d:\kclifford1\documents\github\titania-v2\titania-v2\titania-v2.cpp(1372): warning C4244: 'argument': conversion from 'float' to 'const int', possible loss of data
d:\kclifford1\documents\github\titania-v2\titania-v2\titania-v2.cpp(1384): warning C4018: '<': signed/unsigned mismatch
d:\kclifford1\documents\github\titania-v2\titania-v2\titania-v2.cpp(1396): warning C4244: 'argument': conversion from 'float' to 'const int', possible loss of data
d:\kclifford1\documents\github\titania-v2\titania-v2\titania-v2.cpp(1400): warning C4244: 'argument': conversion from 'float' to 'int', possible loss of data
d:\kclifford1\documents\github\titania-v2\titania-v2\titania-v2.cpp(139): warning C4101: 'flameMesh': unreferenced local variable
d:\kclifford1\documents\github\titania-v2\titania-v2\titania-v2.cpp(170): warning C4101: 'matrix': unreferenced local variable
d:\kclifford1\documents\github\titania-v2\titania-v2\titania-v2.cpp(154): warning C4101: 'floor2': unreferenced local variable
d:\kclifford1\documents\github\titania-v2\titania-v2\titania-v2.cpp(152): warning C4101: 'flame': unreferenced local variable
LINK : fatal error C1047: The object or library file 'C:\ProgramData\TL-Engine\lib\TL-Engine2017.lib' was created with an older compiler than other objects; rebuild old objects and libraries
LINK : fatal error LNK1257: code generation failed
