  Titania-V2.cpp
d:\kclifford1\documents\github\titania-v2\titania-v2\hud.h(7): warning C4091: 'extern ': ignored on left of 'AmountLives' when no variable is declared
d:\kclifford1\documents\github\titania-v2\titania-v2\hud.h(8): warning C4091: 'extern ': ignored on left of 'RemoveLives' when no variable is declared
d:\kclifford1\documents\github\titania-v2\titania-v2\spawn.h(51): warning C4244: '=': conversion from 'double' to 'float', possible loss of data
d:\kclifford1\documents\github\titania-v2\titania-v2\spawn.h(80): warning C4244: '=': conversion from 'double' to 'float', possible loss of data
d:\kclifford1\documents\github\titania-v2\titania-v2\spawn.h(107): warning C4244: '=': conversion from 'double' to 'float', possible loss of data
d:\kclifford1\documents\github\titania-v2\titania-v2\spawn.h(130): warning C4244: '=': conversion from 'double' to 'float', possible loss of data
d:\kclifford1\documents\github\titania-v2\titania-v2\titania-v2.cpp(545): warning C4244: 'argument': conversion from 'float' to 'const int', possible loss of data
d:\kclifford1\documents\github\titania-v2\titania-v2\titania-v2.cpp(558): warning C4244: 'argument': conversion from 'float' to 'const int', possible loss of data
d:\kclifford1\documents\github\titania-v2\titania-v2\titania-v2.cpp(574): warning C4244: 'argument': conversion from 'float' to 'const int', possible loss of data
d:\kclifford1\documents\github\titania-v2\titania-v2\titania-v2.cpp(612): warning C4244: 'argument': conversion from 'float' to 'const int', possible loss of data
d:\kclifford1\documents\github\titania-v2\titania-v2\titania-v2.cpp(625): warning C4244: 'argument': conversion from 'float' to 'const int', possible loss of data
d:\kclifford1\documents\github\titania-v2\titania-v2\titania-v2.cpp(646): warning C4244: 'argument': conversion from 'double' to 'const float', possible loss of data
d:\kclifford1\documents\github\titania-v2\titania-v2\titania-v2.cpp(647): warning C4244: 'argument': conversion from 'double' to 'const float', possible loss of data
d:\kclifford1\documents\github\titania-v2\titania-v2\titania-v2.cpp(833): warning C4244: 'argument': conversion from 'float' to 'const int', possible loss of data
d:\kclifford1\documents\github\titania-v2\titania-v2\titania-v2.cpp(846): warning C4244: 'argument': conversion from 'float' to 'const int', possible loss of data
d:\kclifford1\documents\github\titania-v2\titania-v2\titania-v2.cpp(850): warning C4244: 'argument': conversion from 'float' to 'const int', possible loss of data
d:\kclifford1\documents\github\titania-v2\titania-v2\titania-v2.cpp(855): warning C4244: 'argument': conversion from 'float' to 'const int', possible loss of data
d:\kclifford1\documents\github\titania-v2\titania-v2\titania-v2.cpp(859): warning C4244: 'argument': conversion from 'float' to 'const int', possible loss of data
d:\kclifford1\documents\github\titania-v2\titania-v2\titania-v2.cpp(863): warning C4244: 'argument': conversion from 'float' to 'const int', possible loss of data
d:\kclifford1\documents\github\titania-v2\titania-v2\titania-v2.cpp(871): warning C4244: 'argument': conversion from 'float' to 'const int', possible loss of data
d:\kclifford1\documents\github\titania-v2\titania-v2\titania-v2.cpp(875): warning C4244: 'argument': conversion from 'float' to 'const int', possible loss of data
d:\kclifford1\documents\github\titania-v2\titania-v2\titania-v2.cpp(880): warning C4244: 'argument': conversion from 'float' to 'const int', possible loss of data
d:\kclifford1\documents\github\titania-v2\titania-v2\titania-v2.cpp(884): warning C4244: 'argument': conversion from 'float' to 'const int', possible loss of data
d:\kclifford1\documents\github\titania-v2\titania-v2\titania-v2.cpp(888): warning C4244: 'argument': conversion from 'float' to 'const int', possible loss of data
d:\kclifford1\documents\github\titania-v2\titania-v2\titania-v2.cpp(965): warning C4244: '=': conversion from 'float' to 'int', possible loss of data
d:\kclifford1\documents\github\titania-v2\titania-v2\titania-v2.cpp(991): warning C4244: '=': conversion from 'float' to 'int', possible loss of data
d:\kclifford1\documents\github\titania-v2\titania-v2\titania-v2.cpp(1026): warning C4244: '=': conversion from 'float' to 'int', possible loss of data
d:\kclifford1\documents\github\titania-v2\titania-v2\titania-v2.cpp(1049): warning C4244: '=': conversion from 'float' to 'int', possible loss of data
d:\kclifford1\documents\github\titania-v2\titania-v2\titania-v2.cpp(1075): warning C4244: '=': conversion from 'float' to 'int', possible loss of data
d:\kclifford1\documents\github\titania-v2\titania-v2\titania-v2.cpp(1110): warning C4244: '=': conversion from 'float' to 'int', possible loss of data
d:\kclifford1\documents\github\titania-v2\titania-v2\titania-v2.cpp(1377): warning C4244: 'argument': conversion from 'double' to 'const float', possible loss of data
d:\kclifford1\documents\github\titania-v2\titania-v2\titania-v2.cpp(1378): warning C4244: 'argument': conversion from 'double' to 'const float', possible loss of data
d:\kclifford1\documents\github\titania-v2\titania-v2\titania-v2.cpp(1472): warning C4244: 'argument': conversion from 'double' to 'const float', possible loss of data
d:\kclifford1\documents\github\titania-v2\titania-v2\titania-v2.cpp(1473): warning C4244: 'argument': conversion from 'double' to 'const float', possible loss of data
d:\kclifford1\documents\github\titania-v2\titania-v2\titania-v2.cpp(1555): warning C4244: 'argument': conversion from 'float' to 'const int', possible loss of data
d:\kclifford1\documents\github\titania-v2\titania-v2\titania-v2.cpp(1557): warning C4244: 'argument': conversion from 'float' to 'const int', possible loss of data
d:\kclifford1\documents\github\titania-v2\titania-v2\titania-v2.cpp(1581): warning C4018: '<': signed/unsigned mismatch
d:\kclifford1\documents\github\titania-v2\titania-v2\titania-v2.cpp(1593): warning C4244: 'argument': conversion from 'float' to 'const int', possible loss of data
d:\kclifford1\documents\github\titania-v2\titania-v2\titania-v2.cpp(1613): warning C4244: 'argument': conversion from 'float' to 'int', possible loss of data
d:\kclifford1\documents\github\titania-v2\titania-v2\titania-v2.cpp(141): warning C4101: 'flameMesh': unreferenced local variable
d:\kclifford1\documents\github\titania-v2\titania-v2\titania-v2.cpp(174): warning C4101: 'matrix': unreferenced local variable
d:\kclifford1\documents\github\titania-v2\titania-v2\titania-v2.cpp(157): warning C4101: 'floor2': unreferenced local variable
d:\kclifford1\documents\github\titania-v2\titania-v2\titania-v2.cpp(155): warning C4101: 'flame': unreferenced local variable
  Titania-V2.vcxproj -> D:\KClifford1\Documents\GitHub\Titania-V2\Titania-V2\\Titania-V2Debug.exe
  Copying DLLs & shaders...
